2025-09-07 16:03:35,763 - __main__ - INFO - Running one-time analysis on: sales_data/retail_sales_dataset.csv
2025-09-07 16:03:35,764 - __main__ - INFO - Initializing Data Analysis Pipeline...
2025-09-07 16:03:35,764 - ci_cd_manager - WARNING - Not a Git repository: /Users/aryanreddy/Desktop/swe-assignments/as3_example/aryan_kalluri
2025-09-07 16:03:35,783 - ci_cd_manager - INFO - Initialized new Git repository: /Users/aryanreddy/Desktop/swe-assignments/as3_example/aryan_kalluri
2025-09-07 16:03:35,783 - __main__ - INFO - Pipeline initialization completed successfully
2025-09-07 16:03:35,783 - __main__ - INFO - Processing data change: sales_data/retail_sales_dataset.csv
2025-09-07 16:03:35,783 - analysis_engine - INFO - Starting analysis of: sales_data/retail_sales_dataset.csv
2025-09-07 16:03:35,785 - analysis_engine - INFO - Loaded 50 rows and 9 columns from sales_data/retail_sales_dataset.csv
2025-09-07 16:03:36,954 - analysis_engine - INFO - Analysis completed for: sales_data/retail_sales_dataset.csv
2025-09-07 16:03:36,954 - report_generator - INFO - Generating report for analysis of: sales_data/retail_sales_dataset.csv
2025-09-07 16:03:36,954 - report_generator - INFO - Generating AI insights via Amplify API
2025-09-07 16:03:37,097 - report_generator - ERROR - Amplify API error: 404 - <!DOCTYPE html><html lang="en"><head><meta charSet="utf-8"/><meta name="viewport" content="width=device-width"/><title>404: This page could not be found</title><meta name="next-head-count" content="3"/><meta name="apple-mobile-web-app-capable" content="yes"/><meta name="apple-mobile-web-app-title" content="Amplify"/><link rel="preload" href="/_next/static/media/e4af272ccee01ff0-s.p.woff2" as="font" type="font/woff2" crossorigin="anonymous" data-next-font="size-adjust"/><link rel="preload" href="/_next/static/css/5465747c836bdfd9.css" as="style"/><link rel="stylesheet" href="/_next/static/css/5465747c836bdfd9.css" data-n-g=""/><noscript data-n-css=""></noscript><script defer="" nomodule="" src="/_next/static/chunks/polyfills-42372ed130431b0a.js"></script><script src="/_next/static/chunks/webpack-42a3114c0a8d209c.js" defer=""></script><script src="/_next/static/chunks/framework-945b357d4a851f4b.js" defer=""></script><script src="/_next/static/chunks/main-837b10988bd9bd92.js" defer=""></script><script src="/_next/static/chunks/pages/_app-72be1e19026b87a5.js" defer=""></script><script src="/_next/static/chunks/pages/_error-6ddff449d199572c.js" defer=""></script><script src="/_next/static/X0wKPPgfpQKFXg0VkhABz/_buildManifest.js" defer=""></script><script src="/_next/static/X0wKPPgfpQKFXg0VkhABz/_ssgManifest.js" defer=""></script></head><body><div id="__next"><div class="__className_e8ce0c"><div id="_rht_toaster" style="position:fixed;z-index:9999;top:16px;left:16px;right:16px;bottom:16px;pointer-events:none"></div><div style="font-family:system-ui,&quot;Segoe UI&quot;,Roboto,Helvetica,Arial,sans-serif,&quot;Apple Color Emoji&quot;,&quot;Segoe UI Emoji&quot;;height:100vh;text-align:center;display:flex;flex-direction:column;align-items:center;justify-content:center"><div style="line-height:48px"><style>body{color:#000;background:#fff;margin:0}.next-error-h1{border-right:1px solid rgba(0,0,0,.3)}@media (prefers-color-scheme:dark){body{color:#fff;background:#000}.next-error-h1{border-right:1px solid rgba(255,255,255,.3)}}</style><h1 class="next-error-h1" style="display:inline-block;margin:0 20px 0 0;padding-right:23px;font-size:24px;font-weight:500;vertical-align:top">404</h1><div style="display:inline-block"><h2 style="font-size:14px;font-weight:400;line-height:28px">This page could not be found<!-- -->.</h2></div></div></div></div></div><script id="__NEXT_DATA__" type="application/json">{"props":{"pageProps":{"statusCode":404}},"page":"/_error","query":{},"buildId":"X0wKPPgfpQKFXg0VkhABz","nextExport":true,"isFallback":false,"gip":true,"locale":"en","locales":["en","bn","de","es","fr","he","id","it","ja","ko","pl","pt","ru","ro","sv","te","vi","zh","ar","tr","ca","fi"],"defaultLocale":"en","scriptLoader":[]}</script></body></html>
2025-09-07 16:03:37,101 - report_generator - ERROR - Report generation failed: No filter named 'number_format'.
2025-09-07 16:03:37,101 - __main__ - INFO - Analysis pipeline completed for sales_data/retail_sales_dataset.csv
2025-09-07 16:03:37,101 - __main__ - INFO - One-time analysis completed
2025-09-07 22:44:57,719 - report_generator - INFO - Generating AI insights via Amplify API
2025-09-07 22:45:11,558 - report_generator - INFO - AI insights generated successfully
2025-09-07 22:46:01,484 - analysis_engine - INFO - Starting analysis of: sales_data/Amazon Sale Report.csv
2025-09-07 22:46:01,806 - analysis_engine - INFO - Loaded 128975 rows and 24 columns from sales_data/Amazon Sale Report.csv
2025-09-07 22:46:03,953 - analysis_engine - INFO - Analysis completed for: sales_data/Amazon Sale Report.csv
2025-09-07 23:02:47,385 - main - INFO - Running one-time analysis on: sales_data/Amazon Sale Report.csv
2025-09-07 23:02:47,386 - main - INFO - Initializing Data Analysis Pipeline...
2025-09-07 23:02:47,386 - ci_cd_manager - INFO - Connected to Git repository: /Users/aryanreddy/Desktop/swe-assignments/as3_example/aryan_kalluri
2025-09-07 23:02:47,386 - main - INFO - Pipeline initialization completed successfully
2025-09-07 23:02:47,386 - main - INFO - Processing data change: sales_data/Amazon Sale Report.csv
2025-09-07 23:02:47,386 - analysis_engine - INFO - Starting analysis of: sales_data/Amazon Sale Report.csv
2025-09-07 23:02:47,699 - analysis_engine - INFO - Loaded 128975 rows and 24 columns from sales_data/Amazon Sale Report.csv
2025-09-07 23:02:49,836 - analysis_engine - INFO - Analysis completed for: sales_data/Amazon Sale Report.csv
2025-09-07 23:02:49,842 - report_generator - INFO - Generating report for analysis of: sales_data/Amazon Sale Report.csv
2025-09-07 23:02:49,842 - report_generator - INFO - Generating AI insights via Amplify API
2025-09-07 23:03:02,262 - report_generator - INFO - AI insights generated successfully
2025-09-07 23:03:02,269 - report_generator - INFO - Reports generated successfully:
2025-09-07 23:03:02,269 - report_generator - INFO - - HTML: analysis_output/reports/Amazon Sale Report_report_20250907_230249.html
2025-09-07 23:03:02,269 - report_generator - INFO - - JSON: analysis_output/reports/Amazon Sale Report_report_20250907_230249.json
2025-09-07 23:03:02,269 - report_generator - INFO - - Summary: analysis_output/reports/Amazon Sale Report_summary_20250907_230249.txt
2025-09-07 23:03:02,269 - ci_cd_manager - INFO - Starting CI/CD pipeline for analysis of: sales_data/Amazon Sale Report.csv
2025-09-07 23:03:02,317 - ci_cd_manager - ERROR - Failed to create branch analysis-pipeline-Amazon Sale Report-20250907_230302: Cmd('git') failed due to: exit code(1)
  cmdline: git checkout analysis-pipeline-Amazon Sale Report-20250907_230302
  stderr: 'error: pathspec 'analysis-pipeline-Amazon Sale Report-20250907_230302' did not match any file(s) known to git'
2025-09-07 23:03:02,317 - ci_cd_manager - ERROR - Failed to create analysis branch: analysis-pipeline-Amazon Sale Report-20250907_230302
2025-09-07 23:03:02,317 - ci_cd_manager - INFO - Pipeline pipeline_20250907_230302 failed in 0.05s: Failed to create analysis branch
2025-09-07 23:03:02,317 - main - INFO - Analysis pipeline completed for sales_data/Amazon Sale Report.csv
2025-09-07 23:03:02,317 - main - INFO - One-time analysis completed
